Using pre-set license
Built from '2021.1/staging' branch; Version is '2021.1.7f1 (d91830b65d9b) revision 14227504'; Using compiler version '192528614'; Build Type 'Release'
OS: 'Windows 10 Education; OS build 19043.1237; Version 2009; 64bit' Language: 'en' Physical Memory: 16247 MB
BatchMode: 1, IsHumanControllingUs: 0, StartBugReporterOnCrash: 0, Is64bit: 1, IsPro: 0

 COMMAND LINE ARGUMENTS:
C:\Program Files\Unity 2021.1.7f1\Editor\Unity.exe
-adb2
-batchMode
-noUpm
-name
AssetImportWorker0
-projectPath
C:/Users/BX.LK/Documents/GitHubFiles/Capstone
-logFile
Logs/AssetImportWorker0.log
-srvPort
56161
Successfully changed project path to: C:/Users/BX.LK/Documents/GitHubFiles/Capstone
C:/Users/BX.LK/Documents/GitHubFiles/Capstone
Using Asset Import Pipeline V2.
Refreshing native plugins compatible for Editor in 65.79 ms, found 1 plugins.
Preloading 0 native plugins for Editor in 0.00 ms.
Initialize engine version: 2021.1.7f1 (d91830b65d9b)
[Subsystems] Discovering subsystems at path C:/Program Files/Unity 2021.1.7f1/Editor/Data/Resources/UnitySubsystems
[Subsystems] Discovering subsystems at path C:/Users/BX.LK/Documents/GitHubFiles/Capstone/Assets
GfxDevice: creating device client; threaded=0; jobified=0
Direct3D:
    Version:  Direct3D 11.0 [level 11.1]
    Renderer: AMD Radeon R7 450 (ID=0x682b)
    Vendor:   ATI
    VRAM:     4076 MB
    Driver:   24.20.11020.3002
Initialize mono
Mono path[0] = 'C:/Program Files/Unity 2021.1.7f1/Editor/Data/Managed'
Mono path[1] = 'C:/Program Files/Unity 2021.1.7f1/Editor/Data/MonoBleedingEdge/lib/mono/unityjit'
Mono config path = 'C:/Program Files/Unity 2021.1.7f1/Editor/Data/MonoBleedingEdge/etc'
Using monoOptions --debugger-agent=transport=dt_socket,embedding=1,server=y,suspend=n,address=127.0.0.1:56424
Begin MonoManager ReloadAssembly
Registering precompiled unity dll's ...
Register platform support module: C:/Program Files/Unity 2021.1.7f1/Editor/Data/PlaybackEngines/WebGLSupport/UnityEditor.WebGL.Extensions.dll
Register platform support module: C:/Program Files/Unity 2021.1.7f1/Editor/Data/PlaybackEngines/WindowsStandaloneSupport/UnityEditor.WindowsStandalone.Extensions.dll
Registered in 0.001815 seconds.
Native extension for WindowsStandalone target not found
Native extension for WebGL target not found
Refreshing native plugins compatible for Editor in 68.42 ms, found 1 plugins.
Preloading 0 native plugins for Editor in 0.00 ms.
Mono: successfully reloaded assembly
- Completed reload, in  1.180 seconds
Platform modules already initialized, skipping
Registering precompiled user dll's ...
Registered in 0.002148 seconds.
Begin MonoManager ReloadAssembly
Symbol file LoadedFromMemory doesn't match image C:\Users\BX.LK\Documents\GitHubFiles\Capstone\Library\PackageCache\com.unity.visualscripting@1.6.1\Editor\VisualScripting.Core\Dependencies\YamlDotNet\Unity.VisualScripting.YamlDotNet.dll
Symbol file LoadedFromMemory doesn't match image C:\Users\BX.LK\Documents\GitHubFiles\Capstone\Library\PackageCache\com.unity.visualscripting@1.6.1\Editor\VisualScripting.Core\Dependencies\DotNetZip\Unity.VisualScripting.IonicZip.dll
Native extension for WindowsStandalone target not found
Native extension for WebGL target not found
Refreshing native plugins compatible for Editor in 0.44 ms, found 1 plugins.
Preloading 0 native plugins for Editor in 0.00 ms.
Mono: successfully reloaded assembly
- Completed reload, in  0.835 seconds
Platform modules already initialized, skipping
========================================================================
Worker process is ready to serve import requests
Launched and connected shader compiler UnityShaderCompiler.exe after 0.03 seconds
Refreshing native plugins compatible for Editor in 0.45 ms, found 1 plugins.
Preloading 0 native plugins for Editor in 0.00 ms.
Unloading 2666 Unused Serialized files (Serialized files now loaded: 0)
System memory in use before: 98.0 MB.
System memory in use after: 98.2 MB.

Unloading 13 unused Assets to reduce memory usage. Loaded Objects now: 3120.
Total: 1.796400 ms (FindLiveObjects: 0.198200 ms CreateObjectMapping: 0.125600 ms MarkObjects: 1.423900 ms  DeleteObjects: 0.047800 ms)

========================================================================
Received Import Request.
  path: Assets/Dungeon Pack/rpgmaker/tileset_C.png
  artifactKey: Guid(102b890b993e2194db40f0c4879522d0) Importer(815301076,1909f56bfc062723c751e8b465ee728b)
Start importing Assets/Dungeon Pack/rpgmaker/tileset_C.png using Guid(102b890b993e2194db40f0c4879522d0) Importer(815301076,1909f56bfc062723c751e8b465ee728b)  -> (artifact id: 'd27c4b32d3068ba960cd3e86495af16c') in 0.147322 seconds 
========================================================================
Received Import Request.
  Time since last request: 2.233202 seconds.
  path: Assets/Dungeon Pack/rpgmaker/tileset_D.png
  artifactKey: Guid(de5b4b8a0831dcb4e92c1e366618d35c) Importer(815301076,1909f56bfc062723c751e8b465ee728b)
Start importing Assets/Dungeon Pack/rpgmaker/tileset_D.png using Guid(de5b4b8a0831dcb4e92c1e366618d35c) Importer(815301076,1909f56bfc062723c751e8b465ee728b)  -> (artifact id: '77fb1ef2188be08d7cebef04716e1374') in 0.027866 seconds 
========================================================================
Received Import Request.
  Time since last request: 28.754413 seconds.
  path: Assets/Dungeon Pack/atlas_32x.png
  artifactKey: Guid(3d59f3106e68b2a479be25e3cb08e307) Importer(815301076,1909f56bfc062723c751e8b465ee728b)
Start importing Assets/Dungeon Pack/atlas_32x.png using Guid(3d59f3106e68b2a479be25e3cb08e307) Importer(815301076,1909f56bfc062723c751e8b465ee728b)  -> (artifact id: '57f7f2e980606c73a52e0ce4ab8d7e06') in 0.013246 seconds 
========================================================================
Received Import Request.
  Time since last request: 22.328401 seconds.
  path: Assets/Dungeon Pack/rpgmaker/tileset_B.png
  artifactKey: Guid(05c9c524a313f05449c58da84474f15e) Importer(815301076,1909f56bfc062723c751e8b465ee728b)
Start importing Assets/Dungeon Pack/rpgmaker/tileset_B.png using Guid(05c9c524a313f05449c58da84474f15e) Importer(815301076,1909f56bfc062723c751e8b465ee728b)  -> (artifact id: '3327e727aa746db79588c8844b831526') in 0.015285 seconds 
========================================================================
Received Import Request.
  Time since last request: 17.607055 seconds.
  path: Assets/Dungeon Pack/rpgmaker/tileset_B.png
  artifactKey: Guid(05c9c524a313f05449c58da84474f15e) Importer(815301076,1909f56bfc062723c751e8b465ee728b)
Start importing Assets/Dungeon Pack/rpgmaker/tileset_B.png using Guid(05c9c524a313f05449c58da84474f15e) Importer(815301076,1909f56bfc062723c751e8b465ee728b)  -> (artifact id: 'b089c738db45e71262c99cace931c56a') in 0.007307 seconds 
========================================================================
Received Prepare
Registering precompiled user dll's ...
Registered in 0.002186 seconds.
Begin MonoManager ReloadAssembly
Symbol file LoadedFromMemory doesn't match image C:\Users\BX.LK\Documents\GitHubFiles\Capstone\Library\PackageCache\com.unity.visualscripting@1.6.1\Editor\VisualScripting.Core\Dependencies\YamlDotNet\Unity.VisualScripting.YamlDotNet.dll
Symbol file LoadedFromMemory doesn't match image C:\Users\BX.LK\Documents\GitHubFiles\Capstone\Library\PackageCache\com.unity.visualscripting@1.6.1\Editor\VisualScripting.Core\Dependencies\DotNetZip\Unity.VisualScripting.IonicZip.dll
Native extension for WindowsStandalone target not found
Native extension for WebGL target not found
Refreshing native plugins compatible for Editor in 0.48 ms, found 1 plugins.
Preloading 0 native plugins for Editor in 0.00 ms.
Mono: successfully reloaded assembly
- Completed reload, in  0.841 seconds
Platform modules already initialized, skipping
Refreshing native plugins compatible for Editor in 0.47 ms, found 1 plugins.
Preloading 0 native plugins for Editor in 0.00 ms.
Unloading 2699 Unused Serialized files (Serialized files now loaded: 0)
System memory in use before: 107.0 MB.
System memory in use after: 107.2 MB.

Unloading 8 unused Assets to reduce memory usage. Loaded Objects now: 3240.
Total: 1.860700 ms (FindLiveObjects: 0.219000 ms CreateObjectMapping: 0.139900 ms MarkObjects: 1.482900 ms  DeleteObjects: 0.017800 ms)

========================================================================
Received Import Request.
  Time since last request: 286.608002 seconds.
  path: Assets/Dungeon Pack/rpgmaker/tileset_C.png
  artifactKey: Guid(102b890b993e2194db40f0c4879522d0) Importer(815301076,1909f56bfc062723c751e8b465ee728b)
Start importing Assets/Dungeon Pack/rpgmaker/tileset_C.png using Guid(102b890b993e2194db40f0c4879522d0) Importer(815301076,1909f56bfc062723c751e8b465ee728b)  -> (artifact id: '79545e21dd2a49df3ac1d4c28a627180') in 0.034448 seconds 
========================================================================
Received Import Request.
  Time since last request: 0.418019 seconds.
  path: Assets/Dungeon Pack/rpgmaker/tileset_D.png
  artifactKey: Guid(de5b4b8a0831dcb4e92c1e366618d35c) Importer(815301076,1909f56bfc062723c751e8b465ee728b)
Start importing Assets/Dungeon Pack/rpgmaker/tileset_D.png using Guid(de5b4b8a0831dcb4e92c1e366618d35c) Importer(815301076,1909f56bfc062723c751e8b465ee728b)  -> (artifact id: '298b9cd1c3a0fde25de2348d88582d72') in 0.005407 seconds 
========================================================================
Received Import Request.
  Time since last request: 45.121013 seconds.
  path: Assets/Dungeon Pack/rpgmaker/tileset_B.png
  artifactKey: Guid(05c9c524a313f05449c58da84474f15e) Importer(815301076,1909f56bfc062723c751e8b465ee728b)
Start importing Assets/Dungeon Pack/rpgmaker/tileset_B.png using Guid(05c9c524a313f05449c58da84474f15e) Importer(815301076,1909f56bfc062723c751e8b465ee728b)  -> (artifact id: '77df8cafc4036482ff5c457ce0807986') in 0.009569 seconds 
========================================================================
Received Import Request.
  Time since last request: 400.127421 seconds.
  path: Assets/Dungeon Pack/rpgmaker/tileset_B.png
  artifactKey: Guid(05c9c524a313f05449c58da84474f15e) Importer(815301076,1909f56bfc062723c751e8b465ee728b)
Start importing Assets/Dungeon Pack/rpgmaker/tileset_B.png using Guid(05c9c524a313f05449c58da84474f15e) Importer(815301076,1909f56bfc062723c751e8b465ee728b)  -> (artifact id: '533db2abe098819b860ad3b866da2d2d') in 1.490547 seconds 
========================================================================
Received Import Request.
  Time since last request: 161.010403 seconds.
  path: Assets/Dungeon Pack/rpgmaker/tileset_B.png
  artifactKey: Guid(05c9c524a313f05449c58da84474f15e) Importer(815301076,1909f56bfc062723c751e8b465ee728b)
Start importing Assets/Dungeon Pack/rpgmaker/tileset_B.png using Guid(05c9c524a313f05449c58da84474f15e) Importer(815301076,1909f56bfc062723c751e8b465ee728b)  -> (artifact id: 'c909ddb7f705f9bace73744c8cd0f208') in 0.090382 seconds 
========================================================================
Received Import Request.
  Time since last request: 178.629266 seconds.
  path: Assets/Dungeon Pack/rpgmaker/tileset_C.png
  artifactKey: Guid(102b890b993e2194db40f0c4879522d0) Importer(815301076,1909f56bfc062723c751e8b465ee728b)
Start importing Assets/Dungeon Pack/rpgmaker/tileset_C.png using Guid(102b890b993e2194db40f0c4879522d0) Importer(815301076,1909f56bfc062723c751e8b465ee728b)  -> (artifact id: '34752ef11f493b85ad6b5d91034342d2') in 0.009975 seconds 
========================================================================
Received Import Request.
  Time since last request: 230.316236 seconds.
  path: Assets/Dungeon Pack/rpgmaker/tileset_B.png
  artifactKey: Guid(05c9c524a313f05449c58da84474f15e) Importer(815301076,1909f56bfc062723c751e8b465ee728b)
Start importing Assets/Dungeon Pack/rpgmaker/tileset_B.png using Guid(05c9c524a313f05449c58da84474f15e) Importer(815301076,1909f56bfc062723c751e8b465ee728b)  -> (artifact id: 'ba2ea1394b0b0ed3d514c0ddcf336118') in 0.239447 seconds 
========================================================================
Received Import Request.
  Time since last request: 31.811623 seconds.
  path: Assets/Dungeon Pack/rpgmaker/tileset_D.png
  artifactKey: Guid(de5b4b8a0831dcb4e92c1e366618d35c) Importer(815301076,1909f56bfc062723c751e8b465ee728b)
Start importing Assets/Dungeon Pack/rpgmaker/tileset_D.png using Guid(de5b4b8a0831dcb4e92c1e366618d35c) Importer(815301076,1909f56bfc062723c751e8b465ee728b)  -> (artifact id: 'fc8a828788dc1bb3bc99d89cf21196d2') in 0.010919 seconds 
AssetImportWorkerClient::OnTransportError - code=2 error=End of file
